2022-07-05 18:40:17.292  INFO 328 --- [restartedMain] com.if5.todolist.TodolistApplication     : Starting TodolistApplication using Java 17.0.1 on DESKTOP-1GM68OS with PID 328 (D:\PROJET_PRO_INFO\IFORCE_5\TP1\todolist\target\classes started by serges raoul kamga in D:\PROJET_PRO_INFO\IFORCE_5\TP1\todolist)
2022-07-05 18:40:17.294  INFO 328 --- [restartedMain] com.if5.todolist.TodolistApplication     : No active profile set, falling back to 1 default profile: "default"
2022-07-05 18:40:18.566  INFO 328 --- [restartedMain] .s.d.r.c.RepositoryConfigurationDelegate : Bootstrapping Spring Data JPA repositories in DEFAULT mode.
2022-07-05 18:40:18.639  INFO 328 --- [restartedMain] .s.d.r.c.RepositoryConfigurationDelegate : Finished Spring Data repository scanning in 62 ms. Found 4 JPA repository interfaces.
2022-07-05 18:40:19.156  INFO 328 --- [restartedMain] o.s.b.w.embedded.tomcat.TomcatWebServer  : Tomcat initialized with port(s): 9191 (http)
2022-07-05 18:40:19.159  INFO 328 --- [restartedMain] o.apache.catalina.core.StandardService   : Starting service [Tomcat]
2022-07-05 18:40:19.160  INFO 328 --- [restartedMain] org.apache.catalina.core.StandardEngine  : Starting Servlet engine: [Apache Tomcat/9.0.64]
2022-07-05 18:40:19.274  INFO 328 --- [restartedMain] o.a.c.c.C.[Tomcat].[localhost].[/]       : Initializing Spring embedded WebApplicationContext
2022-07-05 18:40:19.275  INFO 328 --- [restartedMain] w.s.c.ServletWebServerApplicationContext : Root WebApplicationContext: initialization completed in 1970 ms
2022-07-05 18:40:19.424  INFO 328 --- [restartedMain] o.hibernate.jpa.internal.util.LogHelper  : HHH000204: Processing PersistenceUnitInfo [name: default]
2022-07-05 18:40:19.449  INFO 328 --- [restartedMain] com.zaxxer.hikari.HikariDataSource       : HikariPool-2 - Starting...
2022-07-05 18:40:19.462  INFO 328 --- [restartedMain] com.zaxxer.hikari.HikariDataSource       : HikariPool-2 - Start completed.
2022-07-05 18:40:19.463  INFO 328 --- [restartedMain] org.hibernate.dialect.Dialect            : HHH000400: Using dialect: org.hibernate.dialect.MySQL55Dialect
2022-07-05 18:40:20.143  INFO 328 --- [restartedMain] o.h.e.t.j.p.i.JtaPlatformInitiator       : HHH000490: Using JtaPlatform implementation: [org.hibernate.engine.transaction.jta.platform.internal.NoJtaPlatform]
2022-07-05 18:40:20.144  INFO 328 --- [restartedMain] j.LocalContainerEntityManagerFactoryBean : Initialized JPA EntityManagerFactory for persistence unit 'default'
2022-07-05 18:40:20.228  WARN 328 --- [restartedMain] JpaBaseConfiguration$JpaWebConfiguration : spring.jpa.open-in-view is enabled by default. Therefore, database queries may be performed during view rendering. Explicitly configure spring.jpa.open-in-view to disable this warning
2022-07-05 18:40:21.375  INFO 328 --- [restartedMain] o.s.s.web.DefaultSecurityFilterChain     : Will secure any request with [org.springframework.security.web.context.request.async.WebAsyncManagerIntegrationFilter@4411a59a, org.springframework.security.web.context.SecurityContextPersistenceFilter@f1d9ae0, org.springframework.security.web.header.HeaderWriterFilter@32ce4225, org.springframework.security.web.authentication.logout.LogoutFilter@3ac3c577, org.springframework.security.web.savedrequest.RequestCacheAwareFilter@276c8a4c, org.springframework.security.web.servletapi.SecurityContextHolderAwareRequestFilter@67732bee, org.springframework.security.web.authentication.AnonymousAuthenticationFilter@6448e97b, org.springframework.security.web.session.SessionManagementFilter@79409b2d, org.springframework.security.web.access.ExceptionTranslationFilter@6759e017]
2022-07-05 18:40:21.567  INFO 328 --- [restartedMain] o.s.b.d.a.OptionalLiveReloadServer       : LiveReload server is running on port 35729
2022-07-05 18:40:21.883  INFO 328 --- [restartedMain] o.s.b.w.embedded.tomcat.TomcatWebServer  : Tomcat started on port(s): 9191 (http) with context path ''
2022-07-05 18:40:22.319  INFO 328 --- [restartedMain] com.if5.todolist.TodolistApplication     : Started TodolistApplication in 5.256 seconds (JVM running for 545.414)
2022-07-05 18:40:22.324  INFO 328 --- [restartedMain] .ConditionEvaluationDeltaLoggingListener : Condition evaluation unchanged
2022-07-05 18:41:47.767  INFO 328 --- [RMI TCP Connection(12)-127.0.0.1] inMXBeanRegistrar$SpringApplicationAdmin : Application shutdown requested.
2022-07-05 18:41:47.839  INFO 328 --- [RMI TCP Connection(12)-127.0.0.1] j.LocalContainerEntityManagerFactoryBean : Closing JPA EntityManagerFactory for persistence unit 'default'
2022-07-05 18:41:47.841  INFO 328 --- [RMI TCP Connection(12)-127.0.0.1] com.zaxxer.hikari.HikariDataSource       : HikariPool-2 - Shutdown initiated...
2022-07-05 18:41:47.846  INFO 328 --- [RMI TCP Connection(12)-127.0.0.1] com.zaxxer.hikari.HikariDataSource       : HikariPool-2 - Shutdown completed.
2022-07-05 18:41:56.899  INFO 1496 --- [restartedMain] com.if5.todolist.TodolistApplication     : Starting TodolistApplication using Java 17.0.1 on DESKTOP-1GM68OS with PID 1496 (D:\PROJET_PRO_INFO\IFORCE_5\TP1\todolist\target\classes started by serges raoul kamga in D:\PROJET_PRO_INFO\IFORCE_5\TP1\todolist)
2022-07-05 18:41:56.902  INFO 1496 --- [restartedMain] com.if5.todolist.TodolistApplication     : No active profile set, falling back to 1 default profile: "default"
2022-07-05 18:41:57.078  INFO 1496 --- [restartedMain] .e.DevToolsPropertyDefaultsPostProcessor : Devtools property defaults active! Set 'spring.devtools.add-properties' to 'false' to disable
2022-07-05 18:41:57.079  INFO 1496 --- [restartedMain] .e.DevToolsPropertyDefaultsPostProcessor : For additional web related logging consider setting the 'logging.level.web' property to 'DEBUG'
2022-07-05 18:42:00.363  INFO 1496 --- [restartedMain] .s.d.r.c.RepositoryConfigurationDelegate : Bootstrapping Spring Data JPA repositories in DEFAULT mode.
2022-07-05 18:42:00.566  INFO 1496 --- [restartedMain] .s.d.r.c.RepositoryConfigurationDelegate : Finished Spring Data repository scanning in 182 ms. Found 4 JPA repository interfaces.
2022-07-05 18:42:02.746  INFO 1496 --- [restartedMain] o.s.b.w.embedded.tomcat.TomcatWebServer  : Tomcat initialized with port(s): 9191 (http)
2022-07-05 18:42:02.772  INFO 1496 --- [restartedMain] o.apache.catalina.core.StandardService   : Starting service [Tomcat]
2022-07-05 18:42:02.773  INFO 1496 --- [restartedMain] org.apache.catalina.core.StandardEngine  : Starting Servlet engine: [Apache Tomcat/9.0.64]
2022-07-05 18:42:03.114  INFO 1496 --- [restartedMain] o.a.c.c.C.[Tomcat].[localhost].[/]       : Initializing Spring embedded WebApplicationContext
2022-07-05 18:42:03.115  INFO 1496 --- [restartedMain] w.s.c.ServletWebServerApplicationContext : Root WebApplicationContext: initialization completed in 6033 ms
2022-07-05 18:42:03.652  INFO 1496 --- [restartedMain] o.hibernate.jpa.internal.util.LogHelper  : HHH000204: Processing PersistenceUnitInfo [name: default]
2022-07-05 18:42:03.798  INFO 1496 --- [restartedMain] org.hibernate.Version                    : HHH000412: Hibernate ORM core version 5.6.9.Final
2022-07-05 18:42:04.283  INFO 1496 --- [restartedMain] o.hibernate.annotations.common.Version   : HCANN000001: Hibernate Commons Annotations {5.1.2.Final}
2022-07-05 18:42:04.644  INFO 1496 --- [restartedMain] com.zaxxer.hikari.HikariDataSource       : HikariPool-1 - Starting...
2022-07-05 18:42:05.220  INFO 1496 --- [restartedMain] com.zaxxer.hikari.HikariDataSource       : HikariPool-1 - Start completed.
2022-07-05 18:42:05.298  INFO 1496 --- [restartedMain] org.hibernate.dialect.Dialect            : HHH000400: Using dialect: org.hibernate.dialect.MySQL55Dialect
2022-07-05 18:42:07.883  INFO 1496 --- [restartedMain] o.h.e.t.j.p.i.JtaPlatformInitiator       : HHH000490: Using JtaPlatform implementation: [org.hibernate.engine.transaction.jta.platform.internal.NoJtaPlatform]
2022-07-05 18:42:07.908  INFO 1496 --- [restartedMain] j.LocalContainerEntityManagerFactoryBean : Initialized JPA EntityManagerFactory for persistence unit 'default'
2022-07-05 18:42:08.046  WARN 1496 --- [restartedMain] JpaBaseConfiguration$JpaWebConfiguration : spring.jpa.open-in-view is enabled by default. Therefore, database queries may be performed during view rendering. Explicitly configure spring.jpa.open-in-view to disable this warning
2022-07-05 18:42:11.137  INFO 1496 --- [restartedMain] o.s.s.web.DefaultSecurityFilterChain     : Will secure any request with [org.springframework.security.web.context.request.async.WebAsyncManagerIntegrationFilter@3ec98a64, org.springframework.security.web.context.SecurityContextPersistenceFilter@7dee199a, org.springframework.security.web.header.HeaderWriterFilter@ec1af25, org.springframework.security.web.authentication.logout.LogoutFilter@4db923e0, org.springframework.security.web.savedrequest.RequestCacheAwareFilter@18a518fa, org.springframework.security.web.servletapi.SecurityContextHolderAwareRequestFilter@22c76150, org.springframework.security.web.authentication.AnonymousAuthenticationFilter@e39d7a2, org.springframework.security.web.session.SessionManagementFilter@78410134, org.springframework.security.web.access.ExceptionTranslationFilter@23ddf291]
2022-07-05 18:42:11.581  INFO 1496 --- [restartedMain] o.s.b.d.a.OptionalLiveReloadServer       : LiveReload server is running on port 35729
2022-07-05 18:42:12.327  INFO 1496 --- [restartedMain] o.s.b.w.embedded.tomcat.TomcatWebServer  : Tomcat started on port(s): 9191 (http) with context path ''
2022-07-05 18:42:13.716  INFO 1496 --- [restartedMain] com.if5.todolist.TodolistApplication     : Started TodolistApplication in 17.946 seconds (JVM running for 20.822)
2022-07-05 18:44:10.128  INFO 1496 --- [Thread-4] j.LocalContainerEntityManagerFactoryBean : Closing JPA EntityManagerFactory for persistence unit 'default'
2022-07-05 18:44:10.136  INFO 1496 --- [Thread-4] com.zaxxer.hikari.HikariDataSource       : HikariPool-1 - Shutdown initiated...
2022-07-05 18:44:10.157  INFO 1496 --- [Thread-4] com.zaxxer.hikari.HikariDataSource       : HikariPool-1 - Shutdown completed.
